INFO:     127.0.0.1:55213 - "GET /health HTTP/1.1" 200 OK
INFO:     127.0.0.1:65159 - "GET /health HTTP/1.1" 200 OK
INFO:     127.0.0.1:65161 - "GET /health HTTP/1.1" 200 OK
INFO:     127.0.0.1:65163 - "GET /health HTTP/1.1" 200 OK
INFO:     127.0.0.1:65165 - "GET /health HTTP/1.1" 200 OK
INFO:     127.0.0.1:65168 - "GET /health HTTP/1.1" 200 OK
INFO:     127.0.0.1:65170 - "GET /health HTTP/1.1" 200 OK
INFO:     127.0.0.1:64247 - "POST /parse HTTP/1.1" 403 Forbidden

0: 640x640 (no detections), 422.8ms
Speed: 17.4ms preprocess, 422.8ms inference, 13.7ms postprocess per image at shape (1, 3, 640, 640)

0: 640x640 (no detections), 255.1ms
Speed: 7.2ms preprocess, 255.1ms inference, 1.6ms postprocess per image at shape (1, 3, 640, 640)

0: 640x640 (no detections), 304.0ms
Speed: 7.5ms preprocess, 304.0ms inference, 1.3ms postprocess per image at shape (1, 3, 640, 640)

0: 640x640 (no detections), 308.7ms
Speed: 8.6ms preprocess, 308.7ms inference, 1.2ms postprocess per image at shape (1, 3, 640, 640)

0: 640x640 (no detections), 239.6ms
Speed: 7.0ms preprocess, 239.6ms inference, 1.7ms postprocess per image at shape (1, 3, 640, 640)

0: 640x640 (no detections), 255.2ms
Speed: 8.5ms preprocess, 255.2ms inference, 0.9ms postprocess per image at shape (1, 3, 640, 640)

0: 640x640 (no detections), 235.7ms
Speed: 7.5ms preprocess, 235.7ms inference, 0.9ms postprocess per image at shape (1, 3, 640, 640)

0: 640x640 (no detections), 239.7ms
Speed: 8.1ms preprocess, 239.7ms inference, 1.0ms postprocess per image at shape (1, 3, 640, 640)

0: 640x640 (no detections), 236.7ms
Speed: 7.9ms preprocess, 236.7ms inference, 1.4ms postprocess per image at shape (1, 3, 640, 640)

0: 640x640 (no detections), 246.3ms
Speed: 7.9ms preprocess, 246.3ms inference, 0.9ms postprocess per image at shape (1, 3, 640, 640)

0: 640x320 (no detections), 181.0ms
Speed: 2.9ms preprocess, 181.0ms inference, 0.9ms postprocess per image at shape (1, 3, 640, 320)

0: 640x320 (no detections), 136.8ms
Speed: 2.2ms preprocess, 136.8ms inference, 0.8ms postprocess per image at shape (1, 3, 640, 320)

0: 640x320 (no detections), 132.5ms
Speed: 1.4ms preprocess, 132.5ms inference, 0.9ms postprocess per image at shape (1, 3, 640, 320)

0: 640x320 (no detections), 129.1ms
Speed: 1.8ms preprocess, 129.1ms inference, 0.9ms postprocess per image at shape (1, 3, 640, 320)

0: 320x640 (no detections), 157.2ms
Speed: 1.8ms preprocess, 157.2ms inference, 0.8ms postprocess per image at shape (1, 3, 320, 640)

0: 640x640 (no detections), 234.2ms
Speed: 6.8ms preprocess, 234.2ms inference, 0.9ms postprocess per image at shape (1, 3, 640, 640)

0: 640x640 (no detections), 235.4ms
Speed: 6.9ms preprocess, 235.4ms inference, 1.0ms postprocess per image at shape (1, 3, 640, 640)

0: 640x640 (no detections), 236.6ms
Speed: 6.9ms preprocess, 236.6ms inference, 0.9ms postprocess per image at shape (1, 3, 640, 640)

0: 640x640 (no detections), 233.6ms
Speed: 6.9ms preprocess, 233.6ms inference, 1.1ms postprocess per image at shape (1, 3, 640, 640)

0: 320x640 (no detections), 131.3ms
Speed: 2.6ms preprocess, 131.3ms inference, 0.8ms postprocess per image at shape (1, 3, 320, 640)

0: 640x640 (no detections), 252.5ms
Speed: 7.5ms preprocess, 252.5ms inference, 1.0ms postprocess per image at shape (1, 3, 640, 640)

0: 640x640 (no detections), 246.8ms
Speed: 6.5ms preprocess, 246.8ms inference, 0.9ms postprocess per image at shape (1, 3, 640, 640)

0: 640x640 (no detections), 249.5ms
Speed: 8.4ms preprocess, 249.5ms inference, 1.3ms postprocess per image at shape (1, 3, 640, 640)

0: 640x640 (no detections), 238.8ms
Speed: 6.9ms preprocess, 238.8ms inference, 1.0ms postprocess per image at shape (1, 3, 640, 640)

0: 320x640 (no detections), 139.5ms
Speed: 2.3ms preprocess, 139.5ms inference, 1.3ms postprocess per image at shape (1, 3, 320, 640)

0: 640x640 (no detections), 241.5ms
Speed: 6.7ms preprocess, 241.5ms inference, 1.0ms postprocess per image at shape (1, 3, 640, 640)

0: 640x640 (no detections), 243.8ms
Speed: 7.4ms preprocess, 243.8ms inference, 0.9ms postprocess per image at shape (1, 3, 640, 640)

0: 640x640 (no detections), 236.5ms
Speed: 6.8ms preprocess, 236.5ms inference, 0.9ms postprocess per image at shape (1, 3, 640, 640)

0: 640x640 (no detections), 231.1ms
Speed: 7.1ms preprocess, 231.1ms inference, 0.7ms postprocess per image at shape (1, 3, 640, 640)

0: 320x640 (no detections), 132.9ms
Speed: 2.0ms preprocess, 132.9ms inference, 0.8ms postprocess per image at shape (1, 3, 320, 640)

0: 640x640 (no detections), 232.9ms
Speed: 6.3ms preprocess, 232.9ms inference, 0.9ms postprocess per image at shape (1, 3, 640, 640)

0: 640x640 (no detections), 239.6ms
Speed: 6.7ms preprocess, 239.6ms inference, 0.9ms postprocess per image at shape (1, 3, 640, 640)

0: 640x640 (no detections), 241.2ms
Speed: 7.6ms preprocess, 241.2ms inference, 0.9ms postprocess per image at shape (1, 3, 640, 640)

0: 640x640 (no detections), 236.2ms
Speed: 7.1ms preprocess, 236.2ms inference, 0.9ms postprocess per image at shape (1, 3, 640, 640)

0: 640x640 29 bug screens, 241.8ms
Speed: 6.5ms preprocess, 241.8ms inference, 13.8ms postprocess per image at shape (1, 3, 640, 640)

0: 640x320 3 bug screens, 138.1ms
Speed: 2.5ms preprocess, 138.1ms inference, 1.4ms postprocess per image at shape (1, 3, 640, 320)

0: 640x320 3 bug screens, 133.0ms
Speed: 2.7ms preprocess, 133.0ms inference, 1.4ms postprocess per image at shape (1, 3, 640, 320)

0: 640x320 (no detections), 132.3ms
Speed: 1.9ms preprocess, 132.3ms inference, 0.9ms postprocess per image at shape (1, 3, 640, 320)

0: 640x320 3 bug screens, 138.0ms
Speed: 2.1ms preprocess, 138.0ms inference, 2.1ms postprocess per image at shape (1, 3, 640, 320)

0: 320x640 2 bug screens, 136.3ms
Speed: 1.9ms preprocess, 136.3ms inference, 1.4ms postprocess per image at shape (1, 3, 320, 640)

0: 640x640 29 bug screens, 240.2ms
Speed: 6.8ms preprocess, 240.2ms inference, 2.3ms postprocess per image at shape (1, 3, 640, 640)

0: 640x640 19 bug screens, 242.0ms
Speed: 6.4ms preprocess, 242.0ms inference, 1.9ms postprocess per image at shape (1, 3, 640, 640)

0: 640x640 19 bug screens, 267.0ms
Speed: 6.7ms preprocess, 267.0ms inference, 2.7ms postprocess per image at shape (1, 3, 640, 640)

0: 640x640 29 bug screens, 250.1ms
Speed: 6.4ms preprocess, 250.1ms inference, 1.6ms postprocess per image at shape (1, 3, 640, 640)

0: 320x640 2 bug screens, 132.7ms
Speed: 2.6ms preprocess, 132.7ms inference, 1.4ms postprocess per image at shape (1, 3, 320, 640)

0: 640x640 29 bug screens, 240.4ms
Speed: 8.1ms preprocess, 240.4ms inference, 1.6ms postprocess per image at shape (1, 3, 640, 640)

0: 640x640 18 bug screens, 239.4ms
Speed: 6.6ms preprocess, 239.4ms inference, 1.9ms postprocess per image at shape (1, 3, 640, 640)

0: 640x640 14 bug screens, 236.4ms
Speed: 7.2ms preprocess, 236.4ms inference, 1.5ms postprocess per image at shape (1, 3, 640, 640)

0: 640x640 29 bug screens, 234.2ms
Speed: 6.5ms preprocess, 234.2ms inference, 1.8ms postprocess per image at shape (1, 3, 640, 640)

0: 320x640 2 bug screens, 130.3ms
Speed: 1.7ms preprocess, 130.3ms inference, 1.7ms postprocess per image at shape (1, 3, 320, 640)

0: 640x640 29 bug screens, 242.0ms
Speed: 6.6ms preprocess, 242.0ms inference, 1.5ms postprocess per image at shape (1, 3, 640, 640)

0: 640x640 20 bug screens, 243.4ms
Speed: 6.4ms preprocess, 243.4ms inference, 1.5ms postprocess per image at shape (1, 3, 640, 640)

0: 640x640 9 bug screens, 239.2ms
Speed: 6.2ms preprocess, 239.2ms inference, 1.5ms postprocess per image at shape (1, 3, 640, 640)

0: 640x640 29 bug screens, 239.3ms
Speed: 6.5ms preprocess, 239.3ms inference, 2.0ms postprocess per image at shape (1, 3, 640, 640)

0: 320x640 2 bug screens, 134.0ms
Speed: 1.9ms preprocess, 134.0ms inference, 1.3ms postprocess per image at shape (1, 3, 320, 640)

0: 640x640 29 bug screens, 237.0ms
Speed: 6.6ms preprocess, 237.0ms inference, 1.5ms postprocess per image at shape (1, 3, 640, 640)

0: 640x640 19 bug screens, 253.0ms
Speed: 7.5ms preprocess, 253.0ms inference, 1.5ms postprocess per image at shape (1, 3, 640, 640)

0: 640x640 18 bug screens, 242.4ms
Speed: 7.1ms preprocess, 242.4ms inference, 1.6ms postprocess per image at shape (1, 3, 640, 640)

0: 640x640 29 bug screens, 247.8ms
Speed: 7.4ms preprocess, 247.8ms inference, 1.8ms postprocess per image at shape (1, 3, 640, 640)
INFO:     127.0.0.1:64247 - "POST /parse HTTP/1.1" 200 OK

0: 640x640 (no detections), 288.9ms
Speed: 8.2ms preprocess, 288.9ms inference, 1.0ms postprocess per image at shape (1, 3, 640, 640)

0: 640x640 (no detections), 246.9ms
Speed: 6.8ms preprocess, 246.9ms inference, 2.3ms postprocess per image at shape (1, 3, 640, 640)

0: 640x640 (no detections), 237.0ms
Speed: 7.2ms preprocess, 237.0ms inference, 0.9ms postprocess per image at shape (1, 3, 640, 640)

0: 640x640 (no detections), 225.3ms
Speed: 6.5ms preprocess, 225.3ms inference, 0.9ms postprocess per image at shape (1, 3, 640, 640)

0: 640x640 (no detections), 235.0ms
Speed: 6.9ms preprocess, 235.0ms inference, 0.9ms postprocess per image at shape (1, 3, 640, 640)

0: 640x640 (no detections), 233.2ms
Speed: 6.3ms preprocess, 233.2ms inference, 0.9ms postprocess per image at shape (1, 3, 640, 640)

0: 640x640 (no detections), 241.9ms
Speed: 8.0ms preprocess, 241.9ms inference, 1.0ms postprocess per image at shape (1, 3, 640, 640)

0: 640x640 (no detections), 230.3ms
Speed: 6.8ms preprocess, 230.3ms inference, 0.9ms postprocess per image at shape (1, 3, 640, 640)

0: 640x640 (no detections), 230.7ms
Speed: 6.5ms preprocess, 230.7ms inference, 0.9ms postprocess per image at shape (1, 3, 640, 640)

0: 640x640 (no detections), 237.4ms
Speed: 6.6ms preprocess, 237.4ms inference, 1.0ms postprocess per image at shape (1, 3, 640, 640)

0: 640x320 (no detections), 142.6ms
Speed: 1.9ms preprocess, 142.6ms inference, 1.1ms postprocess per image at shape (1, 3, 640, 320)

0: 640x320 (no detections), 140.4ms
Speed: 2.4ms preprocess, 140.4ms inference, 0.9ms postprocess per image at shape (1, 3, 640, 320)

0: 640x320 (no detections), 131.2ms
Speed: 2.4ms preprocess, 131.2ms inference, 0.8ms postprocess per image at shape (1, 3, 640, 320)

0: 640x320 (no detections), 135.7ms
Speed: 2.2ms preprocess, 135.7ms inference, 1.0ms postprocess per image at shape (1, 3, 640, 320)

0: 320x640 (no detections), 133.5ms
Speed: 2.4ms preprocess, 133.5ms inference, 0.9ms postprocess per image at shape (1, 3, 320, 640)

0: 640x640 (no detections), 240.4ms
Speed: 6.5ms preprocess, 240.4ms inference, 1.1ms postprocess per image at shape (1, 3, 640, 640)

0: 640x640 (no detections), 231.7ms
Speed: 6.8ms preprocess, 231.7ms inference, 1.2ms postprocess per image at shape (1, 3, 640, 640)

0: 640x640 (no detections), 248.0ms
Speed: 6.3ms preprocess, 248.0ms inference, 1.0ms postprocess per image at shape (1, 3, 640, 640)

0: 640x640 (no detections), 280.9ms
Speed: 6.7ms preprocess, 280.9ms inference, 1.5ms postprocess per image at shape (1, 3, 640, 640)

0: 320x640 (no detections), 156.3ms
Speed: 2.4ms preprocess, 156.3ms inference, 0.6ms postprocess per image at shape (1, 3, 320, 640)

0: 640x640 (no detections), 236.0ms
Speed: 6.6ms preprocess, 236.0ms inference, 1.1ms postprocess per image at shape (1, 3, 640, 640)

0: 640x640 (no detections), 262.6ms
Speed: 6.4ms preprocess, 262.6ms inference, 1.3ms postprocess per image at shape (1, 3, 640, 640)

0: 640x640 (no detections), 273.2ms
Speed: 7.9ms preprocess, 273.2ms inference, 1.1ms postprocess per image at shape (1, 3, 640, 640)

0: 640x640 (no detections), 411.6ms
Speed: 7.6ms preprocess, 411.6ms inference, 1.6ms postprocess per image at shape (1, 3, 640, 640)

0: 320x640 (no detections), 153.1ms
Speed: 2.1ms preprocess, 153.1ms inference, 0.7ms postprocess per image at shape (1, 3, 320, 640)

0: 640x640 (no detections), 252.6ms
Speed: 7.1ms preprocess, 252.6ms inference, 1.0ms postprocess per image at shape (1, 3, 640, 640)

0: 640x640 (no detections), 248.3ms
Speed: 7.7ms preprocess, 248.3ms inference, 1.2ms postprocess per image at shape (1, 3, 640, 640)

0: 640x640 (no detections), 249.9ms
Speed: 7.0ms preprocess, 249.9ms inference, 1.1ms postprocess per image at shape (1, 3, 640, 640)

0: 640x640 (no detections), 330.4ms
Speed: 7.0ms preprocess, 330.4ms inference, 1.0ms postprocess per image at shape (1, 3, 640, 640)

0: 320x640 (no detections), 146.8ms
Speed: 1.9ms preprocess, 146.8ms inference, 0.8ms postprocess per image at shape (1, 3, 320, 640)

0: 640x640 (no detections), 295.1ms
Speed: 7.0ms preprocess, 295.1ms inference, 1.0ms postprocess per image at shape (1, 3, 640, 640)

0: 640x640 (no detections), 270.3ms
Speed: 7.4ms preprocess, 270.3ms inference, 1.0ms postprocess per image at shape (1, 3, 640, 640)

0: 640x640 (no detections), 262.1ms
Speed: 8.8ms preprocess, 262.1ms inference, 1.0ms postprocess per image at shape (1, 3, 640, 640)

0: 640x640 (no detections), 241.0ms
Speed: 8.0ms preprocess, 241.0ms inference, 1.1ms postprocess per image at shape (1, 3, 640, 640)

0: 640x640 29 bug screens, 255.9ms
Speed: 8.9ms preprocess, 255.9ms inference, 1.8ms postprocess per image at shape (1, 3, 640, 640)

0: 640x320 3 bug screens, 145.1ms
Speed: 1.9ms preprocess, 145.1ms inference, 1.5ms postprocess per image at shape (1, 3, 640, 320)

0: 640x320 3 bug screens, 156.8ms
Speed: 2.3ms preprocess, 156.8ms inference, 1.4ms postprocess per image at shape (1, 3, 640, 320)

0: 640x320 (no detections), 158.4ms
Speed: 2.2ms preprocess, 158.4ms inference, 1.0ms postprocess per image at shape (1, 3, 640, 320)

0: 640x320 3 bug screens, 161.3ms
Speed: 2.0ms preprocess, 161.3ms inference, 2.4ms postprocess per image at shape (1, 3, 640, 320)

0: 320x640 2 bug screens, 148.0ms
Speed: 1.8ms preprocess, 148.0ms inference, 1.7ms postprocess per image at shape (1, 3, 320, 640)

0: 640x640 29 bug screens, 251.0ms
Speed: 7.2ms preprocess, 251.0ms inference, 1.6ms postprocess per image at shape (1, 3, 640, 640)

0: 640x640 19 bug screens, 237.7ms
Speed: 6.2ms preprocess, 237.7ms inference, 1.5ms postprocess per image at shape (1, 3, 640, 640)

0: 640x640 19 bug screens, 260.4ms
Speed: 6.6ms preprocess, 260.4ms inference, 1.3ms postprocess per image at shape (1, 3, 640, 640)

0: 640x640 29 bug screens, 255.1ms
Speed: 6.6ms preprocess, 255.1ms inference, 1.8ms postprocess per image at shape (1, 3, 640, 640)

0: 320x640 2 bug screens, 138.4ms
Speed: 2.1ms preprocess, 138.4ms inference, 1.4ms postprocess per image at shape (1, 3, 320, 640)

0: 640x640 29 bug screens, 241.0ms
Speed: 8.1ms preprocess, 241.0ms inference, 1.5ms postprocess per image at shape (1, 3, 640, 640)

0: 640x640 18 bug screens, 227.3ms
Speed: 7.3ms preprocess, 227.3ms inference, 1.6ms postprocess per image at shape (1, 3, 640, 640)

0: 640x640 14 bug screens, 233.1ms
Speed: 7.3ms preprocess, 233.1ms inference, 1.5ms postprocess per image at shape (1, 3, 640, 640)

0: 640x640 29 bug screens, 233.3ms
Speed: 8.2ms preprocess, 233.3ms inference, 1.5ms postprocess per image at shape (1, 3, 640, 640)

0: 320x640 2 bug screens, 129.6ms
Speed: 1.9ms preprocess, 129.6ms inference, 1.3ms postprocess per image at shape (1, 3, 320, 640)

0: 640x640 29 bug screens, 228.9ms
Speed: 7.3ms preprocess, 228.9ms inference, 1.5ms postprocess per image at shape (1, 3, 640, 640)

0: 640x640 20 bug screens, 226.6ms
Speed: 7.3ms preprocess, 226.6ms inference, 1.3ms postprocess per image at shape (1, 3, 640, 640)

0: 640x640 9 bug screens, 227.5ms
Speed: 8.2ms preprocess, 227.5ms inference, 1.2ms postprocess per image at shape (1, 3, 640, 640)

0: 640x640 29 bug screens, 232.7ms
Speed: 4.9ms preprocess, 232.7ms inference, 1.6ms postprocess per image at shape (1, 3, 640, 640)

0: 320x640 2 bug screens, 137.3ms
Speed: 2.4ms preprocess, 137.3ms inference, 1.5ms postprocess per image at shape (1, 3, 320, 640)

0: 640x640 29 bug screens, 235.6ms
Speed: 7.1ms preprocess, 235.6ms inference, 1.6ms postprocess per image at shape (1, 3, 640, 640)

0: 640x640 19 bug screens, 234.8ms
Speed: 6.8ms preprocess, 234.8ms inference, 1.9ms postprocess per image at shape (1, 3, 640, 640)

0: 640x640 18 bug screens, 244.2ms
Speed: 6.8ms preprocess, 244.2ms inference, 1.6ms postprocess per image at shape (1, 3, 640, 640)

0: 640x640 29 bug screens, 240.8ms
Speed: 7.6ms preprocess, 240.8ms inference, 1.5ms postprocess per image at shape (1, 3, 640, 640)
INFO:     127.0.0.1:65402 - "POST /parse HTTP/1.1" 200 OK

0: 640x640 (no detections), 236.6ms
Speed: 8.1ms preprocess, 236.6ms inference, 0.9ms postprocess per image at shape (1, 3, 640, 640)

0: 640x640 (no detections), 245.4ms
Speed: 7.7ms preprocess, 245.4ms inference, 1.0ms postprocess per image at shape (1, 3, 640, 640)

0: 640x640 (no detections), 236.3ms
Speed: 8.4ms preprocess, 236.3ms inference, 1.0ms postprocess per image at shape (1, 3, 640, 640)

0: 640x640 (no detections), 228.7ms
Speed: 6.7ms preprocess, 228.7ms inference, 0.9ms postprocess per image at shape (1, 3, 640, 640)

0: 640x640 (no detections), 251.5ms
Speed: 7.2ms preprocess, 251.5ms inference, 1.2ms postprocess per image at shape (1, 3, 640, 640)

0: 640x640 (no detections), 264.2ms
Speed: 7.0ms preprocess, 264.2ms inference, 1.5ms postprocess per image at shape (1, 3, 640, 640)

0: 640x640 (no detections), 231.2ms
Speed: 7.4ms preprocess, 231.2ms inference, 1.1ms postprocess per image at shape (1, 3, 640, 640)

0: 640x640 (no detections), 254.6ms
Speed: 7.6ms preprocess, 254.6ms inference, 0.7ms postprocess per image at shape (1, 3, 640, 640)

0: 640x640 (no detections), 233.1ms
Speed: 7.1ms preprocess, 233.1ms inference, 0.9ms postprocess per image at shape (1, 3, 640, 640)

0: 640x640 (no detections), 240.6ms
Speed: 6.2ms preprocess, 240.6ms inference, 0.9ms postprocess per image at shape (1, 3, 640, 640)

0: 640x320 (no detections), 143.6ms
Speed: 2.7ms preprocess, 143.6ms inference, 0.8ms postprocess per image at shape (1, 3, 640, 320)

0: 640x320 (no detections), 139.8ms
Speed: 2.0ms preprocess, 139.8ms inference, 0.9ms postprocess per image at shape (1, 3, 640, 320)

0: 640x320 (no detections), 133.7ms
Speed: 1.9ms preprocess, 133.7ms inference, 0.8ms postprocess per image at shape (1, 3, 640, 320)

0: 640x320 (no detections), 136.0ms
Speed: 2.4ms preprocess, 136.0ms inference, 0.8ms postprocess per image at shape (1, 3, 640, 320)

0: 320x640 (no detections), 135.5ms
Speed: 2.0ms preprocess, 135.5ms inference, 0.8ms postprocess per image at shape (1, 3, 320, 640)

0: 640x640 (no detections), 241.6ms
Speed: 7.1ms preprocess, 241.6ms inference, 0.9ms postprocess per image at shape (1, 3, 640, 640)

0: 640x640 (no detections), 372.5ms
Speed: 8.5ms preprocess, 372.5ms inference, 0.9ms postprocess per image at shape (1, 3, 640, 640)

0: 640x640 (no detections), 245.4ms
Speed: 6.4ms preprocess, 245.4ms inference, 0.7ms postprocess per image at shape (1, 3, 640, 640)

0: 640x640 (no detections), 235.6ms
Speed: 7.2ms preprocess, 235.6ms inference, 0.9ms postprocess per image at shape (1, 3, 640, 640)

0: 320x640 (no detections), 129.5ms
Speed: 1.9ms preprocess, 129.5ms inference, 0.8ms postprocess per image at shape (1, 3, 320, 640)

0: 640x640 (no detections), 235.7ms
Speed: 6.3ms preprocess, 235.7ms inference, 0.9ms postprocess per image at shape (1, 3, 640, 640)

0: 640x640 (no detections), 232.9ms
Speed: 6.0ms preprocess, 232.9ms inference, 1.4ms postprocess per image at shape (1, 3, 640, 640)

0: 640x640 (no detections), 230.7ms
Speed: 6.7ms preprocess, 230.7ms inference, 0.9ms postprocess per image at shape (1, 3, 640, 640)

0: 640x640 (no detections), 239.7ms
Speed: 5.8ms preprocess, 239.7ms inference, 1.0ms postprocess per image at shape (1, 3, 640, 640)

0: 320x640 (no detections), 128.9ms
Speed: 1.8ms preprocess, 128.9ms inference, 0.9ms postprocess per image at shape (1, 3, 320, 640)

0: 640x640 (no detections), 238.5ms
Speed: 6.9ms preprocess, 238.5ms inference, 0.9ms postprocess per image at shape (1, 3, 640, 640)

0: 640x640 (no detections), 244.3ms
Speed: 6.6ms preprocess, 244.3ms inference, 1.0ms postprocess per image at shape (1, 3, 640, 640)

0: 640x640 (no detections), 236.3ms
Speed: 7.4ms preprocess, 236.3ms inference, 0.9ms postprocess per image at shape (1, 3, 640, 640)

0: 640x640 (no detections), 237.4ms
Speed: 7.0ms preprocess, 237.4ms inference, 0.9ms postprocess per image at shape (1, 3, 640, 640)

0: 320x640 (no detections), 139.7ms
Speed: 1.9ms preprocess, 139.7ms inference, 0.8ms postprocess per image at shape (1, 3, 320, 640)

0: 640x640 (no detections), 244.8ms
Speed: 6.2ms preprocess, 244.8ms inference, 0.9ms postprocess per image at shape (1, 3, 640, 640)

0: 640x640 (no detections), 245.6ms
Speed: 6.6ms preprocess, 245.6ms inference, 0.9ms postprocess per image at shape (1, 3, 640, 640)

0: 640x640 (no detections), 242.5ms
Speed: 6.8ms preprocess, 242.5ms inference, 1.5ms postprocess per image at shape (1, 3, 640, 640)

0: 640x640 (no detections), 244.4ms
Speed: 6.8ms preprocess, 244.4ms inference, 0.9ms postprocess per image at shape (1, 3, 640, 640)

0: 640x640 29 bug screens, 247.4ms
Speed: 6.8ms preprocess, 247.4ms inference, 1.6ms postprocess per image at shape (1, 3, 640, 640)

0: 640x320 3 bug screens, 132.9ms
Speed: 2.0ms preprocess, 132.9ms inference, 1.4ms postprocess per image at shape (1, 3, 640, 320)

0: 640x320 3 bug screens, 129.8ms
Speed: 1.8ms preprocess, 129.8ms inference, 1.4ms postprocess per image at shape (1, 3, 640, 320)

0: 640x320 (no detections), 136.4ms
Speed: 2.0ms preprocess, 136.4ms inference, 0.9ms postprocess per image at shape (1, 3, 640, 320)

0: 640x320 3 bug screens, 130.6ms
Speed: 2.0ms preprocess, 130.6ms inference, 1.3ms postprocess per image at shape (1, 3, 640, 320)

0: 320x640 2 bug screens, 123.6ms
Speed: 1.8ms preprocess, 123.6ms inference, 1.4ms postprocess per image at shape (1, 3, 320, 640)

0: 640x640 29 bug screens, 231.8ms
Speed: 6.3ms preprocess, 231.8ms inference, 1.8ms postprocess per image at shape (1, 3, 640, 640)

0: 640x640 19 bug screens, 241.9ms
Speed: 6.0ms preprocess, 241.9ms inference, 2.0ms postprocess per image at shape (1, 3, 640, 640)

0: 640x640 19 bug screens, 261.7ms
Speed: 6.9ms preprocess, 261.7ms inference, 1.6ms postprocess per image at shape (1, 3, 640, 640)

0: 640x640 29 bug screens, 280.0ms
Speed: 7.0ms preprocess, 280.0ms inference, 2.0ms postprocess per image at shape (1, 3, 640, 640)

0: 320x640 2 bug screens, 141.1ms
Speed: 2.1ms preprocess, 141.1ms inference, 1.4ms postprocess per image at shape (1, 3, 320, 640)

0: 640x640 29 bug screens, 263.3ms
Speed: 6.9ms preprocess, 263.3ms inference, 1.5ms postprocess per image at shape (1, 3, 640, 640)

0: 640x640 18 bug screens, 258.1ms
Speed: 7.0ms preprocess, 258.1ms inference, 1.5ms postprocess per image at shape (1, 3, 640, 640)

0: 640x640 14 bug screens, 264.9ms
Speed: 6.4ms preprocess, 264.9ms inference, 2.1ms postprocess per image at shape (1, 3, 640, 640)

0: 640x640 29 bug screens, 255.1ms
Speed: 6.8ms preprocess, 255.1ms inference, 1.6ms postprocess per image at shape (1, 3, 640, 640)

0: 320x640 2 bug screens, 143.7ms
Speed: 2.1ms preprocess, 143.7ms inference, 1.8ms postprocess per image at shape (1, 3, 320, 640)

0: 640x640 29 bug screens, 267.1ms
Speed: 7.6ms preprocess, 267.1ms inference, 1.8ms postprocess per image at shape (1, 3, 640, 640)

0: 640x640 20 bug screens, 254.5ms
Speed: 5.9ms preprocess, 254.5ms inference, 2.6ms postprocess per image at shape (1, 3, 640, 640)

0: 640x640 9 bug screens, 260.9ms
Speed: 8.9ms preprocess, 260.9ms inference, 1.5ms postprocess per image at shape (1, 3, 640, 640)

0: 640x640 29 bug screens, 247.1ms
Speed: 6.4ms preprocess, 247.1ms inference, 1.8ms postprocess per image at shape (1, 3, 640, 640)

0: 320x640 2 bug screens, 145.7ms
Speed: 1.9ms preprocess, 145.7ms inference, 1.4ms postprocess per image at shape (1, 3, 320, 640)

0: 640x640 29 bug screens, 331.2ms
Speed: 7.1ms preprocess, 331.2ms inference, 1.9ms postprocess per image at shape (1, 3, 640, 640)

0: 640x640 19 bug screens, 259.8ms
Speed: 7.0ms preprocess, 259.8ms inference, 1.5ms postprocess per image at shape (1, 3, 640, 640)

0: 640x640 18 bug screens, 247.9ms
Speed: 7.0ms preprocess, 247.9ms inference, 1.6ms postprocess per image at shape (1, 3, 640, 640)

0: 640x640 29 bug screens, 250.5ms
Speed: 6.8ms preprocess, 250.5ms inference, 2.0ms postprocess per image at shape (1, 3, 640, 640)
INFO:     127.0.0.1:65402 - "POST /parse HTTP/1.1" 200 OK

0: 640x640 (no detections), 323.9ms
Speed: 7.8ms preprocess, 323.9ms inference, 1.3ms postprocess per image at shape (1, 3, 640, 640)

0: 640x640 (no detections), 323.2ms
Speed: 8.0ms preprocess, 323.2ms inference, 0.9ms postprocess per image at shape (1, 3, 640, 640)

0: 640x640 (no detections), 333.7ms
Speed: 8.4ms preprocess, 333.7ms inference, 0.9ms postprocess per image at shape (1, 3, 640, 640)

0: 640x640 (no detections), 315.0ms
Speed: 7.1ms preprocess, 315.0ms inference, 1.5ms postprocess per image at shape (1, 3, 640, 640)

0: 640x640 (no detections), 366.4ms
Speed: 8.0ms preprocess, 366.4ms inference, 1.0ms postprocess per image at shape (1, 3, 640, 640)

0: 640x640 (no detections), 286.0ms
Speed: 6.6ms preprocess, 286.0ms inference, 1.7ms postprocess per image at shape (1, 3, 640, 640)

0: 640x640 (no detections), 345.2ms
Speed: 10.0ms preprocess, 345.2ms inference, 0.9ms postprocess per image at shape (1, 3, 640, 640)

0: 640x640 (no detections), 262.7ms
Speed: 6.9ms preprocess, 262.7ms inference, 1.7ms postprocess per image at shape (1, 3, 640, 640)

0: 640x640 (no detections), 280.4ms
Speed: 7.8ms preprocess, 280.4ms inference, 1.1ms postprocess per image at shape (1, 3, 640, 640)

0: 640x640 (no detections), 256.0ms
Speed: 10.1ms preprocess, 256.0ms inference, 1.1ms postprocess per image at shape (1, 3, 640, 640)

0: 640x320 (no detections), 159.2ms
Speed: 2.3ms preprocess, 159.2ms inference, 1.0ms postprocess per image at shape (1, 3, 640, 320)

0: 640x320 (no detections), 141.7ms
Speed: 1.9ms preprocess, 141.7ms inference, 0.8ms postprocess per image at shape (1, 3, 640, 320)

0: 640x320 (no detections), 153.2ms
Speed: 1.9ms preprocess, 153.2ms inference, 1.1ms postprocess per image at shape (1, 3, 640, 320)

0: 640x320 (no detections), 152.3ms
Speed: 2.3ms preprocess, 152.3ms inference, 0.8ms postprocess per image at shape (1, 3, 640, 320)

0: 320x640 (no detections), 136.9ms
Speed: 1.9ms preprocess, 136.9ms inference, 1.1ms postprocess per image at shape (1, 3, 320, 640)

0: 640x640 (no detections), 291.1ms
Speed: 6.9ms preprocess, 291.1ms inference, 1.3ms postprocess per image at shape (1, 3, 640, 640)

0: 640x640 (no detections), 262.6ms
Speed: 7.6ms preprocess, 262.6ms inference, 1.4ms postprocess per image at shape (1, 3, 640, 640)

0: 640x640 (no detections), 262.2ms
Speed: 7.1ms preprocess, 262.2ms inference, 0.9ms postprocess per image at shape (1, 3, 640, 640)

0: 640x640 (no detections), 277.1ms
Speed: 8.0ms preprocess, 277.1ms inference, 1.2ms postprocess per image at shape (1, 3, 640, 640)

0: 320x640 (no detections), 134.4ms
Speed: 1.7ms preprocess, 134.4ms inference, 0.8ms postprocess per image at shape (1, 3, 320, 640)

0: 640x640 (no detections), 251.0ms
Speed: 6.6ms preprocess, 251.0ms inference, 1.0ms postprocess per image at shape (1, 3, 640, 640)

0: 640x640 (no detections), 265.3ms
Speed: 7.4ms preprocess, 265.3ms inference, 1.2ms postprocess per image at shape (1, 3, 640, 640)

0: 640x640 (no detections), 250.7ms
Speed: 6.8ms preprocess, 250.7ms inference, 0.9ms postprocess per image at shape (1, 3, 640, 640)

0: 640x640 (no detections), 247.5ms
Speed: 6.8ms preprocess, 247.5ms inference, 1.0ms postprocess per image at shape (1, 3, 640, 640)

0: 320x640 (no detections), 130.9ms
Speed: 2.4ms preprocess, 130.9ms inference, 0.8ms postprocess per image at shape (1, 3, 320, 640)

0: 640x640 (no detections), 251.6ms
Speed: 6.6ms preprocess, 251.6ms inference, 0.9ms postprocess per image at shape (1, 3, 640, 640)

0: 640x640 (no detections), 238.4ms
Speed: 6.8ms preprocess, 238.4ms inference, 0.9ms postprocess per image at shape (1, 3, 640, 640)

0: 640x640 (no detections), 245.6ms
Speed: 6.1ms preprocess, 245.6ms inference, 1.0ms postprocess per image at shape (1, 3, 640, 640)

0: 640x640 (no detections), 247.9ms
Speed: 6.6ms preprocess, 247.9ms inference, 0.9ms postprocess per image at shape (1, 3, 640, 640)

0: 320x640 (no detections), 150.1ms
Speed: 1.9ms preprocess, 150.1ms inference, 1.2ms postprocess per image at shape (1, 3, 320, 640)

0: 640x640 (no detections), 251.3ms
Speed: 6.4ms preprocess, 251.3ms inference, 1.1ms postprocess per image at shape (1, 3, 640, 640)

0: 640x640 (no detections), 259.7ms
Speed: 7.8ms preprocess, 259.7ms inference, 0.9ms postprocess per image at shape (1, 3, 640, 640)

0: 640x640 (no detections), 261.2ms
Speed: 8.7ms preprocess, 261.2ms inference, 0.9ms postprocess per image at shape (1, 3, 640, 640)

0: 640x640 (no detections), 266.8ms
Speed: 7.8ms preprocess, 266.8ms inference, 1.1ms postprocess per image at shape (1, 3, 640, 640)

0: 640x640 29 bug screens, 266.8ms
Speed: 7.7ms preprocess, 266.8ms inference, 2.6ms postprocess per image at shape (1, 3, 640, 640)

0: 640x320 3 bug screens, 158.7ms
Speed: 1.9ms preprocess, 158.7ms inference, 1.6ms postprocess per image at shape (1, 3, 640, 320)

0: 640x320 3 bug screens, 156.7ms
Speed: 2.1ms preprocess, 156.7ms inference, 2.1ms postprocess per image at shape (1, 3, 640, 320)

0: 640x320 (no detections), 153.6ms
Speed: 2.3ms preprocess, 153.6ms inference, 0.8ms postprocess per image at shape (1, 3, 640, 320)

0: 640x320 3 bug screens, 151.6ms
Speed: 2.3ms preprocess, 151.6ms inference, 1.9ms postprocess per image at shape (1, 3, 640, 320)

0: 320x640 2 bug screens, 145.7ms
Speed: 2.3ms preprocess, 145.7ms inference, 1.2ms postprocess per image at shape (1, 3, 320, 640)

0: 640x640 29 bug screens, 248.5ms
Speed: 5.9ms preprocess, 248.5ms inference, 1.5ms postprocess per image at shape (1, 3, 640, 640)

0: 640x640 19 bug screens, 242.2ms
Speed: 5.9ms preprocess, 242.2ms inference, 1.6ms postprocess per image at shape (1, 3, 640, 640)

0: 640x640 19 bug screens, 242.1ms
Speed: 7.0ms preprocess, 242.1ms inference, 1.6ms postprocess per image at shape (1, 3, 640, 640)

0: 640x640 29 bug screens, 242.5ms
Speed: 6.6ms preprocess, 242.5ms inference, 1.7ms postprocess per image at shape (1, 3, 640, 640)

0: 320x640 2 bug screens, 132.6ms
Speed: 1.9ms preprocess, 132.6ms inference, 1.3ms postprocess per image at shape (1, 3, 320, 640)

0: 640x640 29 bug screens, 237.5ms
Speed: 6.8ms preprocess, 237.5ms inference, 2.2ms postprocess per image at shape (1, 3, 640, 640)

0: 640x640 18 bug screens, 246.5ms
Speed: 6.7ms preprocess, 246.5ms inference, 2.3ms postprocess per image at shape (1, 3, 640, 640)

0: 640x640 14 bug screens, 251.9ms
Speed: 6.1ms preprocess, 251.9ms inference, 1.5ms postprocess per image at shape (1, 3, 640, 640)

0: 640x640 29 bug screens, 261.0ms
Speed: 5.5ms preprocess, 261.0ms inference, 1.8ms postprocess per image at shape (1, 3, 640, 640)

0: 320x640 2 bug screens, 149.9ms
Speed: 2.6ms preprocess, 149.9ms inference, 1.9ms postprocess per image at shape (1, 3, 320, 640)

0: 640x640 29 bug screens, 270.7ms
Speed: 8.1ms preprocess, 270.7ms inference, 1.7ms postprocess per image at shape (1, 3, 640, 640)

0: 640x640 20 bug screens, 267.0ms
Speed: 7.0ms preprocess, 267.0ms inference, 1.6ms postprocess per image at shape (1, 3, 640, 640)

0: 640x640 9 bug screens, 258.4ms
Speed: 7.9ms preprocess, 258.4ms inference, 1.7ms postprocess per image at shape (1, 3, 640, 640)

0: 640x640 29 bug screens, 247.6ms
Speed: 6.8ms preprocess, 247.6ms inference, 1.7ms postprocess per image at shape (1, 3, 640, 640)

0: 320x640 2 bug screens, 130.4ms
Speed: 2.0ms preprocess, 130.4ms inference, 1.6ms postprocess per image at shape (1, 3, 320, 640)

0: 640x640 29 bug screens, 250.7ms
Speed: 7.1ms preprocess, 250.7ms inference, 1.7ms postprocess per image at shape (1, 3, 640, 640)

0: 640x640 19 bug screens, 239.1ms
Speed: 7.4ms preprocess, 239.1ms inference, 1.7ms postprocess per image at shape (1, 3, 640, 640)

0: 640x640 18 bug screens, 258.5ms
Speed: 6.5ms preprocess, 258.5ms inference, 1.6ms postprocess per image at shape (1, 3, 640, 640)

0: 640x640 29 bug screens, 253.8ms
Speed: 7.4ms preprocess, 253.8ms inference, 1.8ms postprocess per image at shape (1, 3, 640, 640)
INFO:     127.0.0.1:65402 - "POST /parse HTTP/1.1" 200 OK

0: 640x640 (no detections), 242.8ms
Speed: 5.9ms preprocess, 242.8ms inference, 0.9ms postprocess per image at shape (1, 3, 640, 640)

0: 640x640 (no detections), 255.2ms
Speed: 7.0ms preprocess, 255.2ms inference, 1.3ms postprocess per image at shape (1, 3, 640, 640)

0: 640x640 (no detections), 258.8ms
Speed: 7.7ms preprocess, 258.8ms inference, 1.1ms postprocess per image at shape (1, 3, 640, 640)

0: 640x640 (no detections), 258.2ms
Speed: 6.8ms preprocess, 258.2ms inference, 1.5ms postprocess per image at shape (1, 3, 640, 640)

0: 640x640 (no detections), 325.2ms
Speed: 7.0ms preprocess, 325.2ms inference, 1.4ms postprocess per image at shape (1, 3, 640, 640)

0: 640x640 (no detections), 295.8ms
Speed: 7.9ms preprocess, 295.8ms inference, 1.3ms postprocess per image at shape (1, 3, 640, 640)

0: 640x640 (no detections), 287.1ms
Speed: 6.9ms preprocess, 287.1ms inference, 1.5ms postprocess per image at shape (1, 3, 640, 640)

0: 640x640 (no detections), 252.6ms
Speed: 6.4ms preprocess, 252.6ms inference, 1.0ms postprocess per image at shape (1, 3, 640, 640)

0: 640x640 (no detections), 246.3ms
Speed: 6.7ms preprocess, 246.3ms inference, 1.1ms postprocess per image at shape (1, 3, 640, 640)

0: 640x640 (no detections), 279.6ms
Speed: 6.6ms preprocess, 279.6ms inference, 1.0ms postprocess per image at shape (1, 3, 640, 640)

0: 640x320 (no detections), 148.9ms
Speed: 2.0ms preprocess, 148.9ms inference, 0.8ms postprocess per image at shape (1, 3, 640, 320)

0: 640x320 (no detections), 131.8ms
Speed: 2.0ms preprocess, 131.8ms inference, 0.8ms postprocess per image at shape (1, 3, 640, 320)

0: 640x320 (no detections), 130.6ms
Speed: 1.9ms preprocess, 130.6ms inference, 0.8ms postprocess per image at shape (1, 3, 640, 320)

0: 640x320 (no detections), 129.3ms
Speed: 1.9ms preprocess, 129.3ms inference, 1.0ms postprocess per image at shape (1, 3, 640, 320)

0: 320x640 (no detections), 132.4ms
Speed: 1.8ms preprocess, 132.4ms inference, 1.0ms postprocess per image at shape (1, 3, 320, 640)

0: 640x640 (no detections), 236.9ms
Speed: 6.7ms preprocess, 236.9ms inference, 0.9ms postprocess per image at shape (1, 3, 640, 640)

0: 640x640 (no detections), 252.0ms
Speed: 6.2ms preprocess, 252.0ms inference, 1.2ms postprocess per image at shape (1, 3, 640, 640)

0: 640x640 (no detections), 255.7ms
Speed: 6.2ms preprocess, 255.7ms inference, 1.3ms postprocess per image at shape (1, 3, 640, 640)

0: 640x640 (no detections), 242.3ms
Speed: 5.6ms preprocess, 242.3ms inference, 1.0ms postprocess per image at shape (1, 3, 640, 640)

0: 320x640 (no detections), 149.7ms
Speed: 1.9ms preprocess, 149.7ms inference, 1.1ms postprocess per image at shape (1, 3, 320, 640)

0: 640x640 (no detections), 262.2ms
Speed: 6.9ms preprocess, 262.2ms inference, 1.1ms postprocess per image at shape (1, 3, 640, 640)

0: 640x640 (no detections), 365.5ms
Speed: 9.2ms preprocess, 365.5ms inference, 1.0ms postprocess per image at shape (1, 3, 640, 640)

0: 640x640 (no detections), 250.9ms
Speed: 6.9ms preprocess, 250.9ms inference, 1.4ms postprocess per image at shape (1, 3, 640, 640)

0: 640x640 (no detections), 271.1ms
Speed: 7.1ms preprocess, 271.1ms inference, 1.2ms postprocess per image at shape (1, 3, 640, 640)

0: 320x640 (no detections), 141.6ms
Speed: 2.1ms preprocess, 141.6ms inference, 1.3ms postprocess per image at shape (1, 3, 320, 640)

0: 640x640 (no detections), 255.7ms
Speed: 6.6ms preprocess, 255.7ms inference, 1.8ms postprocess per image at shape (1, 3, 640, 640)

0: 640x640 (no detections), 257.0ms
Speed: 7.1ms preprocess, 257.0ms inference, 1.1ms postprocess per image at shape (1, 3, 640, 640)

0: 640x640 (no detections), 265.4ms
Speed: 7.0ms preprocess, 265.4ms inference, 2.7ms postprocess per image at shape (1, 3, 640, 640)

0: 640x640 (no detections), 241.1ms
Speed: 5.9ms preprocess, 241.1ms inference, 0.8ms postprocess per image at shape (1, 3, 640, 640)

0: 320x640 (no detections), 128.7ms
Speed: 1.4ms preprocess, 128.7ms inference, 0.8ms postprocess per image at shape (1, 3, 320, 640)

0: 640x640 (no detections), 244.5ms
Speed: 6.4ms preprocess, 244.5ms inference, 1.0ms postprocess per image at shape (1, 3, 640, 640)

0: 640x640 (no detections), 246.9ms
Speed: 6.9ms preprocess, 246.9ms inference, 1.1ms postprocess per image at shape (1, 3, 640, 640)

0: 640x640 (no detections), 245.2ms
Speed: 6.8ms preprocess, 245.2ms inference, 1.3ms postprocess per image at shape (1, 3, 640, 640)

0: 640x640 (no detections), 248.6ms
Speed: 6.5ms preprocess, 248.6ms inference, 1.0ms postprocess per image at shape (1, 3, 640, 640)

0: 640x640 29 bug screens, 239.5ms
Speed: 7.2ms preprocess, 239.5ms inference, 1.6ms postprocess per image at shape (1, 3, 640, 640)

0: 640x320 3 bug screens, 129.8ms
Speed: 1.9ms preprocess, 129.8ms inference, 1.7ms postprocess per image at shape (1, 3, 640, 320)

0: 640x320 3 bug screens, 132.9ms
Speed: 1.9ms preprocess, 132.9ms inference, 1.6ms postprocess per image at shape (1, 3, 640, 320)

0: 640x320 (no detections), 142.7ms
Speed: 2.0ms preprocess, 142.7ms inference, 0.9ms postprocess per image at shape (1, 3, 640, 320)

0: 640x320 3 bug screens, 136.1ms
Speed: 2.1ms preprocess, 136.1ms inference, 2.0ms postprocess per image at shape (1, 3, 640, 320)

0: 320x640 2 bug screens, 131.4ms
Speed: 2.2ms preprocess, 131.4ms inference, 1.7ms postprocess per image at shape (1, 3, 320, 640)

0: 640x640 29 bug screens, 249.1ms
Speed: 6.1ms preprocess, 249.1ms inference, 1.6ms postprocess per image at shape (1, 3, 640, 640)

0: 640x640 19 bug screens, 254.2ms
Speed: 7.7ms preprocess, 254.2ms inference, 2.4ms postprocess per image at shape (1, 3, 640, 640)

0: 640x640 19 bug screens, 236.3ms
Speed: 6.2ms preprocess, 236.3ms inference, 2.3ms postprocess per image at shape (1, 3, 640, 640)

0: 640x640 29 bug screens, 271.4ms
Speed: 6.7ms preprocess, 271.4ms inference, 1.6ms postprocess per image at shape (1, 3, 640, 640)

0: 320x640 2 bug screens, 141.3ms
Speed: 2.0ms preprocess, 141.3ms inference, 1.4ms postprocess per image at shape (1, 3, 320, 640)

0: 640x640 29 bug screens, 235.3ms
Speed: 7.0ms preprocess, 235.3ms inference, 1.5ms postprocess per image at shape (1, 3, 640, 640)

0: 640x640 18 bug screens, 237.8ms
Speed: 7.0ms preprocess, 237.8ms inference, 1.5ms postprocess per image at shape (1, 3, 640, 640)

0: 640x640 14 bug screens, 248.1ms
Speed: 6.5ms preprocess, 248.1ms inference, 1.8ms postprocess per image at shape (1, 3, 640, 640)

0: 640x640 29 bug screens, 246.0ms
Speed: 6.6ms preprocess, 246.0ms inference, 1.6ms postprocess per image at shape (1, 3, 640, 640)

0: 320x640 2 bug screens, 132.1ms
Speed: 1.9ms preprocess, 132.1ms inference, 1.4ms postprocess per image at shape (1, 3, 320, 640)

0: 640x640 29 bug screens, 241.5ms
Speed: 6.6ms preprocess, 241.5ms inference, 1.3ms postprocess per image at shape (1, 3, 640, 640)

0: 640x640 20 bug screens, 248.6ms
Speed: 5.7ms preprocess, 248.6ms inference, 1.8ms postprocess per image at shape (1, 3, 640, 640)

0: 640x640 9 bug screens, 267.6ms
Speed: 7.2ms preprocess, 267.6ms inference, 1.8ms postprocess per image at shape (1, 3, 640, 640)

0: 640x640 29 bug screens, 256.8ms
Speed: 5.5ms preprocess, 256.8ms inference, 1.9ms postprocess per image at shape (1, 3, 640, 640)

0: 320x640 2 bug screens, 137.6ms
Speed: 2.1ms preprocess, 137.6ms inference, 1.4ms postprocess per image at shape (1, 3, 320, 640)

0: 640x640 29 bug screens, 255.8ms
Speed: 6.6ms preprocess, 255.8ms inference, 1.6ms postprocess per image at shape (1, 3, 640, 640)

0: 640x640 19 bug screens, 256.3ms
Speed: 6.7ms preprocess, 256.3ms inference, 1.9ms postprocess per image at shape (1, 3, 640, 640)

0: 640x640 18 bug screens, 270.6ms
Speed: 7.0ms preprocess, 270.6ms inference, 1.6ms postprocess per image at shape (1, 3, 640, 640)

0: 640x640 29 bug screens, 250.8ms
Speed: 7.4ms preprocess, 250.8ms inference, 1.5ms postprocess per image at shape (1, 3, 640, 640)
INFO:     127.0.0.1:65402 - "POST /parse HTTP/1.1" 200 OK

0: 640x640 (no detections), 243.4ms
Speed: 6.4ms preprocess, 243.4ms inference, 1.1ms postprocess per image at shape (1, 3, 640, 640)

0: 640x640 (no detections), 237.2ms
Speed: 7.6ms preprocess, 237.2ms inference, 1.0ms postprocess per image at shape (1, 3, 640, 640)

0: 640x640 (no detections), 250.3ms
Speed: 7.4ms preprocess, 250.3ms inference, 1.3ms postprocess per image at shape (1, 3, 640, 640)

0: 640x640 (no detections), 240.1ms
Speed: 6.1ms preprocess, 240.1ms inference, 1.0ms postprocess per image at shape (1, 3, 640, 640)

0: 640x640 (no detections), 259.4ms
Speed: 6.5ms preprocess, 259.4ms inference, 0.9ms postprocess per image at shape (1, 3, 640, 640)

0: 640x640 (no detections), 270.1ms
Speed: 6.8ms preprocess, 270.1ms inference, 1.0ms postprocess per image at shape (1, 3, 640, 640)

0: 640x640 (no detections), 251.2ms
Speed: 6.5ms preprocess, 251.2ms inference, 1.1ms postprocess per image at shape (1, 3, 640, 640)

0: 640x640 (no detections), 307.3ms
Speed: 8.1ms preprocess, 307.3ms inference, 1.1ms postprocess per image at shape (1, 3, 640, 640)

0: 640x640 (no detections), 261.4ms
Speed: 8.2ms preprocess, 261.4ms inference, 0.9ms postprocess per image at shape (1, 3, 640, 640)

0: 640x640 (no detections), 280.9ms
Speed: 6.7ms preprocess, 280.9ms inference, 3.8ms postprocess per image at shape (1, 3, 640, 640)

0: 640x320 (no detections), 142.3ms
Speed: 2.4ms preprocess, 142.3ms inference, 0.8ms postprocess per image at shape (1, 3, 640, 320)

0: 640x320 (no detections), 139.2ms
Speed: 1.9ms preprocess, 139.2ms inference, 1.2ms postprocess per image at shape (1, 3, 640, 320)

0: 640x320 (no detections), 153.9ms
Speed: 2.3ms preprocess, 153.9ms inference, 0.8ms postprocess per image at shape (1, 3, 640, 320)

0: 640x320 (no detections), 150.2ms
Speed: 2.2ms preprocess, 150.2ms inference, 0.8ms postprocess per image at shape (1, 3, 640, 320)

0: 320x640 (no detections), 132.9ms
Speed: 1.8ms preprocess, 132.9ms inference, 0.8ms postprocess per image at shape (1, 3, 320, 640)

0: 640x640 (no detections), 269.8ms
Speed: 7.9ms preprocess, 269.8ms inference, 1.2ms postprocess per image at shape (1, 3, 640, 640)

0: 640x640 (no detections), 241.3ms
Speed: 5.2ms preprocess, 241.3ms inference, 1.0ms postprocess per image at shape (1, 3, 640, 640)

0: 640x640 (no detections), 235.3ms
Speed: 6.8ms preprocess, 235.3ms inference, 1.0ms postprocess per image at shape (1, 3, 640, 640)

0: 640x640 (no detections), 239.7ms
Speed: 7.7ms preprocess, 239.7ms inference, 1.1ms postprocess per image at shape (1, 3, 640, 640)

0: 320x640 (no detections), 131.7ms
Speed: 1.8ms preprocess, 131.7ms inference, 0.8ms postprocess per image at shape (1, 3, 320, 640)

0: 640x640 (no detections), 238.2ms
Speed: 6.8ms preprocess, 238.2ms inference, 0.9ms postprocess per image at shape (1, 3, 640, 640)

0: 640x640 (no detections), 253.5ms
Speed: 6.9ms preprocess, 253.5ms inference, 0.9ms postprocess per image at shape (1, 3, 640, 640)

0: 640x640 (no detections), 237.0ms
Speed: 6.6ms preprocess, 237.0ms inference, 1.3ms postprocess per image at shape (1, 3, 640, 640)

0: 640x640 (no detections), 244.3ms
Speed: 7.0ms preprocess, 244.3ms inference, 1.0ms postprocess per image at shape (1, 3, 640, 640)

0: 320x640 (no detections), 128.3ms
Speed: 1.9ms preprocess, 128.3ms inference, 1.0ms postprocess per image at shape (1, 3, 320, 640)

0: 640x640 (no detections), 240.8ms
Speed: 6.9ms preprocess, 240.8ms inference, 0.9ms postprocess per image at shape (1, 3, 640, 640)

0: 640x640 (no detections), 265.5ms
Speed: 7.1ms preprocess, 265.5ms inference, 0.9ms postprocess per image at shape (1, 3, 640, 640)

0: 640x640 (no detections), 236.8ms
Speed: 7.4ms preprocess, 236.8ms inference, 0.9ms postprocess per image at shape (1, 3, 640, 640)

0: 640x640 (no detections), 237.6ms
Speed: 6.8ms preprocess, 237.6ms inference, 0.9ms postprocess per image at shape (1, 3, 640, 640)

0: 320x640 (no detections), 134.1ms
Speed: 1.8ms preprocess, 134.1ms inference, 0.8ms postprocess per image at shape (1, 3, 320, 640)

0: 640x640 (no detections), 270.5ms
Speed: 7.4ms preprocess, 270.5ms inference, 0.9ms postprocess per image at shape (1, 3, 640, 640)

0: 640x640 (no detections), 271.3ms
Speed: 8.6ms preprocess, 271.3ms inference, 0.9ms postprocess per image at shape (1, 3, 640, 640)

0: 640x640 (no detections), 247.3ms
Speed: 7.1ms preprocess, 247.3ms inference, 1.4ms postprocess per image at shape (1, 3, 640, 640)

0: 640x640 (no detections), 270.5ms
Speed: 6.2ms preprocess, 270.5ms inference, 1.6ms postprocess per image at shape (1, 3, 640, 640)

0: 640x640 29 bug screens, 280.0ms
Speed: 6.9ms preprocess, 280.0ms inference, 1.8ms postprocess per image at shape (1, 3, 640, 640)

0: 640x320 3 bug screens, 139.4ms
Speed: 2.2ms preprocess, 139.4ms inference, 1.3ms postprocess per image at shape (1, 3, 640, 320)

0: 640x320 3 bug screens, 134.8ms
Speed: 1.9ms preprocess, 134.8ms inference, 1.4ms postprocess per image at shape (1, 3, 640, 320)

0: 640x320 (no detections), 131.1ms
Speed: 1.8ms preprocess, 131.1ms inference, 0.9ms postprocess per image at shape (1, 3, 640, 320)

0: 640x320 3 bug screens, 161.2ms
Speed: 1.8ms preprocess, 161.2ms inference, 1.5ms postprocess per image at shape (1, 3, 640, 320)

0: 320x640 2 bug screens, 153.2ms
Speed: 1.9ms preprocess, 153.2ms inference, 1.6ms postprocess per image at shape (1, 3, 320, 640)

0: 640x640 29 bug screens, 406.7ms
Speed: 11.8ms preprocess, 406.7ms inference, 1.6ms postprocess per image at shape (1, 3, 640, 640)

0: 640x640 19 bug screens, 319.8ms
Speed: 7.0ms preprocess, 319.8ms inference, 2.0ms postprocess per image at shape (1, 3, 640, 640)

0: 640x640 19 bug screens, 264.0ms
Speed: 7.2ms preprocess, 264.0ms inference, 2.3ms postprocess per image at shape (1, 3, 640, 640)

0: 640x640 29 bug screens, 266.1ms
Speed: 7.3ms preprocess, 266.1ms inference, 1.7ms postprocess per image at shape (1, 3, 640, 640)

0: 320x640 2 bug screens, 153.9ms
Speed: 2.3ms preprocess, 153.9ms inference, 1.4ms postprocess per image at shape (1, 3, 320, 640)

0: 640x640 29 bug screens, 276.0ms
Speed: 6.8ms preprocess, 276.0ms inference, 1.7ms postprocess per image at shape (1, 3, 640, 640)

0: 640x640 18 bug screens, 271.1ms
Speed: 7.0ms preprocess, 271.1ms inference, 1.5ms postprocess per image at shape (1, 3, 640, 640)

0: 640x640 14 bug screens, 253.9ms
Speed: 8.3ms preprocess, 253.9ms inference, 1.6ms postprocess per image at shape (1, 3, 640, 640)

0: 640x640 29 bug screens, 257.4ms
Speed: 7.4ms preprocess, 257.4ms inference, 1.5ms postprocess per image at shape (1, 3, 640, 640)

0: 320x640 2 bug screens, 137.5ms
Speed: 2.1ms preprocess, 137.5ms inference, 1.9ms postprocess per image at shape (1, 3, 320, 640)

0: 640x640 29 bug screens, 240.5ms
Speed: 6.2ms preprocess, 240.5ms inference, 1.4ms postprocess per image at shape (1, 3, 640, 640)

0: 640x640 20 bug screens, 250.3ms
Speed: 7.3ms preprocess, 250.3ms inference, 2.0ms postprocess per image at shape (1, 3, 640, 640)

0: 640x640 9 bug screens, 241.9ms
Speed: 7.0ms preprocess, 241.9ms inference, 1.8ms postprocess per image at shape (1, 3, 640, 640)

0: 640x640 29 bug screens, 244.9ms
Speed: 7.3ms preprocess, 244.9ms inference, 2.0ms postprocess per image at shape (1, 3, 640, 640)

0: 320x640 2 bug screens, 143.1ms
Speed: 1.9ms preprocess, 143.1ms inference, 1.4ms postprocess per image at shape (1, 3, 320, 640)

0: 640x640 29 bug screens, 243.6ms
Speed: 6.6ms preprocess, 243.6ms inference, 1.6ms postprocess per image at shape (1, 3, 640, 640)

0: 640x640 19 bug screens, 244.6ms
Speed: 6.7ms preprocess, 244.6ms inference, 1.6ms postprocess per image at shape (1, 3, 640, 640)

0: 640x640 18 bug screens, 247.5ms
Speed: 7.1ms preprocess, 247.5ms inference, 1.9ms postprocess per image at shape (1, 3, 640, 640)

0: 640x640 29 bug screens, 314.2ms
Speed: 7.4ms preprocess, 314.2ms inference, 2.7ms postprocess per image at shape (1, 3, 640, 640)
INFO:     127.0.0.1:65402 - "POST /parse HTTP/1.1" 200 OK

0: 640x640 (no detections), 265.3ms
Speed: 8.6ms preprocess, 265.3ms inference, 0.8ms postprocess per image at shape (1, 3, 640, 640)

0: 640x640 (no detections), 259.8ms
Speed: 7.0ms preprocess, 259.8ms inference, 1.0ms postprocess per image at shape (1, 3, 640, 640)

0: 640x640 (no detections), 258.2ms
Speed: 6.8ms preprocess, 258.2ms inference, 1.0ms postprocess per image at shape (1, 3, 640, 640)

0: 640x640 (no detections), 246.7ms
Speed: 7.6ms preprocess, 246.7ms inference, 1.1ms postprocess per image at shape (1, 3, 640, 640)

0: 640x640 (no detections), 293.6ms
Speed: 6.3ms preprocess, 293.6ms inference, 1.2ms postprocess per image at shape (1, 3, 640, 640)

0: 640x640 (no detections), 284.5ms
Speed: 7.0ms preprocess, 284.5ms inference, 0.9ms postprocess per image at shape (1, 3, 640, 640)

0: 640x640 (no detections), 259.5ms
Speed: 6.3ms preprocess, 259.5ms inference, 0.9ms postprocess per image at shape (1, 3, 640, 640)

0: 640x640 (no detections), 251.3ms
Speed: 7.1ms preprocess, 251.3ms inference, 0.9ms postprocess per image at shape (1, 3, 640, 640)

0: 640x640 (no detections), 234.4ms
Speed: 6.5ms preprocess, 234.4ms inference, 0.9ms postprocess per image at shape (1, 3, 640, 640)

0: 640x640 (no detections), 237.3ms
Speed: 5.9ms preprocess, 237.3ms inference, 1.0ms postprocess per image at shape (1, 3, 640, 640)

0: 640x320 (no detections), 137.4ms
Speed: 2.6ms preprocess, 137.4ms inference, 0.8ms postprocess per image at shape (1, 3, 640, 320)

0: 640x320 (no detections), 140.1ms
Speed: 2.4ms preprocess, 140.1ms inference, 1.0ms postprocess per image at shape (1, 3, 640, 320)

0: 640x320 (no detections), 144.8ms
Speed: 2.6ms preprocess, 144.8ms inference, 1.0ms postprocess per image at shape (1, 3, 640, 320)

0: 640x320 (no detections), 253.5ms
Speed: 2.5ms preprocess, 253.5ms inference, 0.8ms postprocess per image at shape (1, 3, 640, 320)

0: 320x640 (no detections), 151.3ms
Speed: 2.5ms preprocess, 151.3ms inference, 0.8ms postprocess per image at shape (1, 3, 320, 640)

0: 640x640 (no detections), 259.5ms
Speed: 8.0ms preprocess, 259.5ms inference, 1.0ms postprocess per image at shape (1, 3, 640, 640)

0: 640x640 (no detections), 287.9ms
Speed: 7.0ms preprocess, 287.9ms inference, 1.2ms postprocess per image at shape (1, 3, 640, 640)

0: 640x640 (no detections), 247.1ms
Speed: 12.4ms preprocess, 247.1ms inference, 0.9ms postprocess per image at shape (1, 3, 640, 640)

0: 640x640 (no detections), 251.8ms
Speed: 6.2ms preprocess, 251.8ms inference, 1.3ms postprocess per image at shape (1, 3, 640, 640)

0: 320x640 (no detections), 147.3ms
Speed: 3.3ms preprocess, 147.3ms inference, 0.8ms postprocess per image at shape (1, 3, 320, 640)

0: 640x640 (no detections), 250.9ms
Speed: 7.1ms preprocess, 250.9ms inference, 0.8ms postprocess per image at shape (1, 3, 640, 640)

0: 640x640 (no detections), 237.8ms
Speed: 6.7ms preprocess, 237.8ms inference, 1.0ms postprocess per image at shape (1, 3, 640, 640)

0: 640x640 (no detections), 238.1ms
Speed: 6.1ms preprocess, 238.1ms inference, 0.8ms postprocess per image at shape (1, 3, 640, 640)

0: 640x640 (no detections), 242.3ms
Speed: 6.6ms preprocess, 242.3ms inference, 0.9ms postprocess per image at shape (1, 3, 640, 640)

0: 320x640 (no detections), 129.1ms
Speed: 3.0ms preprocess, 129.1ms inference, 0.8ms postprocess per image at shape (1, 3, 320, 640)

0: 640x640 (no detections), 243.3ms
Speed: 7.0ms preprocess, 243.3ms inference, 1.0ms postprocess per image at shape (1, 3, 640, 640)

0: 640x640 (no detections), 288.9ms
Speed: 6.9ms preprocess, 288.9ms inference, 0.9ms postprocess per image at shape (1, 3, 640, 640)

0: 640x640 (no detections), 247.3ms
Speed: 7.0ms preprocess, 247.3ms inference, 1.3ms postprocess per image at shape (1, 3, 640, 640)

0: 640x640 (no detections), 256.1ms
Speed: 7.3ms preprocess, 256.1ms inference, 1.2ms postprocess per image at shape (1, 3, 640, 640)

0: 320x640 (no detections), 145.1ms
Speed: 3.1ms preprocess, 145.1ms inference, 0.8ms postprocess per image at shape (1, 3, 320, 640)

0: 640x640 (no detections), 256.4ms
Speed: 7.8ms preprocess, 256.4ms inference, 1.6ms postprocess per image at shape (1, 3, 640, 640)

0: 640x640 (no detections), 245.8ms
Speed: 6.9ms preprocess, 245.8ms inference, 0.9ms postprocess per image at shape (1, 3, 640, 640)

0: 640x640 (no detections), 241.6ms
Speed: 7.9ms preprocess, 241.6ms inference, 0.9ms postprocess per image at shape (1, 3, 640, 640)

0: 640x640 (no detections), 243.0ms
Speed: 7.5ms preprocess, 243.0ms inference, 0.9ms postprocess per image at shape (1, 3, 640, 640)

0: 640x640 29 bug screens, 253.5ms
Speed: 7.6ms preprocess, 253.5ms inference, 2.8ms postprocess per image at shape (1, 3, 640, 640)

0: 640x320 3 bug screens, 184.2ms
Speed: 2.8ms preprocess, 184.2ms inference, 1.5ms postprocess per image at shape (1, 3, 640, 320)

0: 640x320 3 bug screens, 162.5ms
Speed: 2.8ms preprocess, 162.5ms inference, 1.4ms postprocess per image at shape (1, 3, 640, 320)

0: 640x320 (no detections), 133.8ms
Speed: 2.4ms preprocess, 133.8ms inference, 0.9ms postprocess per image at shape (1, 3, 640, 320)

0: 640x320 3 bug screens, 136.4ms
Speed: 2.5ms preprocess, 136.4ms inference, 1.3ms postprocess per image at shape (1, 3, 640, 320)

0: 320x640 2 bug screens, 155.2ms
Speed: 3.5ms preprocess, 155.2ms inference, 2.0ms postprocess per image at shape (1, 3, 320, 640)

0: 640x640 29 bug screens, 255.3ms
Speed: 6.8ms preprocess, 255.3ms inference, 2.2ms postprocess per image at shape (1, 3, 640, 640)

0: 640x640 19 bug screens, 253.3ms
Speed: 6.8ms preprocess, 253.3ms inference, 1.6ms postprocess per image at shape (1, 3, 640, 640)

0: 640x640 19 bug screens, 259.3ms
Speed: 6.9ms preprocess, 259.3ms inference, 1.7ms postprocess per image at shape (1, 3, 640, 640)

0: 640x640 29 bug screens, 239.4ms
Speed: 6.7ms preprocess, 239.4ms inference, 1.6ms postprocess per image at shape (1, 3, 640, 640)

0: 320x640 2 bug screens, 130.1ms
Speed: 2.4ms preprocess, 130.1ms inference, 1.8ms postprocess per image at shape (1, 3, 320, 640)

0: 640x640 29 bug screens, 261.7ms
Speed: 6.2ms preprocess, 261.7ms inference, 2.4ms postprocess per image at shape (1, 3, 640, 640)

0: 640x640 18 bug screens, 252.5ms
Speed: 7.4ms preprocess, 252.5ms inference, 1.5ms postprocess per image at shape (1, 3, 640, 640)

0: 640x640 14 bug screens, 258.9ms
Speed: 8.0ms preprocess, 258.9ms inference, 2.0ms postprocess per image at shape (1, 3, 640, 640)

0: 640x640 29 bug screens, 248.6ms
Speed: 7.0ms preprocess, 248.6ms inference, 1.8ms postprocess per image at shape (1, 3, 640, 640)

0: 320x640 2 bug screens, 137.8ms
Speed: 2.7ms preprocess, 137.8ms inference, 2.1ms postprocess per image at shape (1, 3, 320, 640)

0: 640x640 29 bug screens, 279.3ms
Speed: 7.5ms preprocess, 279.3ms inference, 1.8ms postprocess per image at shape (1, 3, 640, 640)

0: 640x640 20 bug screens, 278.1ms
Speed: 7.9ms preprocess, 278.1ms inference, 1.7ms postprocess per image at shape (1, 3, 640, 640)

0: 640x640 9 bug screens, 256.6ms
Speed: 6.4ms preprocess, 256.6ms inference, 1.5ms postprocess per image at shape (1, 3, 640, 640)

0: 640x640 29 bug screens, 242.6ms
Speed: 7.7ms preprocess, 242.6ms inference, 1.6ms postprocess per image at shape (1, 3, 640, 640)

0: 320x640 2 bug screens, 127.9ms
Speed: 2.4ms preprocess, 127.9ms inference, 1.5ms postprocess per image at shape (1, 3, 320, 640)

0: 640x640 29 bug screens, 247.0ms
Speed: 7.1ms preprocess, 247.0ms inference, 1.6ms postprocess per image at shape (1, 3, 640, 640)

0: 640x640 19 bug screens, 232.7ms
Speed: 5.1ms preprocess, 232.7ms inference, 1.5ms postprocess per image at shape (1, 3, 640, 640)

0: 640x640 18 bug screens, 235.8ms
Speed: 6.6ms preprocess, 235.8ms inference, 1.6ms postprocess per image at shape (1, 3, 640, 640)

0: 640x640 29 bug screens, 240.1ms
Speed: 7.2ms preprocess, 240.1ms inference, 1.7ms postprocess per image at shape (1, 3, 640, 640)
INFO:     127.0.0.1:65402 - "POST /parse HTTP/1.1" 200 OK
